{"/home/grossi/Área de Trabalho/react-completo/meuapp/src/App.js": {"path":"/home/grossi/Área de Trabalho/react-completo/meuapp/src/App.js","statementMap":{"0":{"start":{"line":6,"column":12},"end":{"line":39,"column":1}},"1":{"start":{"line":7,"column":28},"end":{"line":7,"column":48}},"2":{"start":{"line":8,"column":38},"end":{"line":8,"column":58}},"3":{"start":{"line":10,"column":2},"end":{"line":12,"column":9}},"4":{"start":{"line":11,"column":4},"end":{"line":11,"column":15}},"5":{"start":{"line":15,"column":4},"end":{"line":15,"column":24}},"6":{"start":{"line":16,"column":4},"end":{"line":23,"column":9}},"7":{"start":{"line":19,"column":8},"end":{"line":19,"column":27}},"8":{"start":{"line":22,"column":8},"end":{"line":22,"column":25}},"9":{"start":{"line":24,"column":4},"end":{"line":24,"column":25}},"10":{"start":{"line":27,"column":2},"end":{"line":38,"column":4}}},"fnMap":{"0":{"name":"(anonymous_0)","decl":{"start":{"line":6,"column":12},"end":{"line":6,"column":13}},"loc":{"start":{"line":6,"column":18},"end":{"line":39,"column":1}},"line":6},"1":{"name":"(anonymous_1)","decl":{"start":{"line":10,"column":18},"end":{"line":10,"column":19}},"loc":{"start":{"line":10,"column":24},"end":{"line":12,"column":3}},"line":10},"2":{"name":"loadData","decl":{"start":{"line":14,"column":17},"end":{"line":14,"column":25}},"loc":{"start":{"line":14,"column":28},"end":{"line":25,"column":3}},"line":14},"3":{"name":"(anonymous_3)","decl":{"start":{"line":18,"column":12},"end":{"line":18,"column":13}},"loc":{"start":{"line":18,"column":21},"end":{"line":20,"column":7}},"line":18},"4":{"name":"(anonymous_4)","decl":{"start":{"line":21,"column":13},"end":{"line":21,"column":14}},"loc":{"start":{"line":21,"column":20},"end":{"line":23,"column":7}},"line":21}},"branchMap":{"0":{"loc":{"start":{"line":30,"column":9},"end":{"line":30,"column":46}},"type":"binary-expr","locations":[{"start":{"line":30,"column":9},"end":{"line":30,"column":19}},{"start":{"line":30,"column":23},"end":{"line":30,"column":46}}],"line":30},"1":{"loc":{"start":{"line":32,"column":7},"end":{"line":36,"column":7}},"type":"binary-expr","locations":[{"start":{"line":32,"column":7},"end":{"line":32,"column":12}},{"start":{"line":32,"column":16},"end":{"line":32,"column":27}},{"start":{"line":33,"column":8},"end":{"line":35,"column":14}}],"line":32}},"s":{"0":1,"1":2,"2":2,"3":2,"4":1,"5":1,"6":1,"7":0,"8":0,"9":0,"10":2},"f":{"0":2,"1":1,"2":1,"3":0,"4":0},"b":{"0":[2,1],"1":[2,0,0]},"_coverageSchema":"1a1c01bbd47fc00a2c39e90264f33305004495a9","hash":"45851561f8dddadefa09902adfa033194e8d4f9a"}
,"/home/grossi/Área de Trabalho/react-completo/meuapp/src/index.js": {"path":"/home/grossi/Área de Trabalho/react-completo/meuapp/src/index.js","statementMap":{"0":{"start":{"line":5,"column":0},"end":{"line":10,"column":2}}},"fnMap":{},"branchMap":{},"s":{"0":0},"f":{},"b":{}}
,"/home/grossi/Área de Trabalho/react-completo/meuapp/src/components/AnswerBox.js": {"path":"/home/grossi/Área de Trabalho/react-completo/meuapp/src/components/AnswerBox.js","statementMap":{"0":{"start":{"line":6,"column":24},"end":{"line":16,"column":1}},"1":{"start":{"line":10,"column":4},"end":{"line":14,"column":5}},"2":{"start":{"line":11,"column":6},"end":{"line":11,"column":21}},"3":{"start":{"line":13,"column":6},"end":{"line":13,"column":59}},"4":{"start":{"line":18,"column":20},"end":{"line":32,"column":1}},"5":{"start":{"line":20,"column":4},"end":{"line":20,"column":45}},"6":{"start":{"line":21,"column":33},"end":{"line":21,"column":63}},"7":{"start":{"line":30,"column":36},"end":{"line":30,"column":71}},"8":{"start":{"line":34,"column":16},"end":{"line":37,"column":1}},"9":{"start":{"line":39,"column":23},"end":{"line":45,"column":1}},"10":{"start":{"line":47,"column":22},"end":{"line":50,"column":1}},"11":{"start":{"line":51,"column":21},"end":{"line":53,"column":1}},"12":{"start":{"line":55,"column":18},"end":{"line":141,"column":1}},"13":{"start":{"line":56,"column":30},"end":{"line":56,"column":50}},"14":{"start":{"line":58,"column":19},"end":{"line":58,"column":39}},"15":{"start":{"line":61,"column":4},"end":{"line":61,"column":20}},"16":{"start":{"line":62,"column":4},"end":{"line":62,"column":13}},"17":{"start":{"line":65,"column":24},"end":{"line":67,"column":3}},"18":{"start":{"line":66,"column":4},"end":{"line":66,"column":65}},"19":{"start":{"line":69,"column":23},"end":{"line":71,"column":3}},"20":{"start":{"line":70,"column":4},"end":{"line":70,"column":78}},"21":{"start":{"line":74,"column":4},"end":{"line":87,"column":5}},"22":{"start":{"line":75,"column":6},"end":{"line":86,"column":11}},"23":{"start":{"line":81,"column":10},"end":{"line":81,"column":30}},"24":{"start":{"line":82,"column":10},"end":{"line":82,"column":47}},"25":{"start":{"line":85,"column":10},"end":{"line":85,"column":27}},"26":{"start":{"line":89,"column":2},"end":{"line":140,"column":4}}},"fnMap":{"0":{"name":"(anonymous_0)","decl":{"start":{"line":9,"column":22},"end":{"line":9,"column":23}},"loc":{"start":{"line":9,"column":38},"end":{"line":15,"column":3}},"line":9},"1":{"name":"(anonymous_1)","decl":{"start":{"line":19,"column":22},"end":{"line":19,"column":23}},"loc":{"start":{"line":20,"column":4},"end":{"line":20,"column":45}},"line":20},"2":{"name":"(anonymous_2)","decl":{"start":{"line":21,"column":11},"end":{"line":21,"column":12}},"loc":{"start":{"line":21,"column":33},"end":{"line":21,"column":63}},"line":21},"3":{"name":"(anonymous_3)","decl":{"start":{"line":30,"column":14},"end":{"line":30,"column":15}},"loc":{"start":{"line":30,"column":36},"end":{"line":30,"column":71}},"line":30},"4":{"name":"(anonymous_4)","decl":{"start":{"line":55,"column":18},"end":{"line":55,"column":19}},"loc":{"start":{"line":55,"column":47},"end":{"line":141,"column":1}},"line":55},"5":{"name":"tryAgain","decl":{"start":{"line":60,"column":11},"end":{"line":60,"column":19}},"loc":{"start":{"line":60,"column":22},"end":{"line":63,"column":3}},"line":60},"6":{"name":"(anonymous_6)","decl":{"start":{"line":65,"column":24},"end":{"line":65,"column":25}},"loc":{"start":{"line":65,"column":39},"end":{"line":67,"column":3}},"line":65},"7":{"name":"(anonymous_7)","decl":{"start":{"line":69,"column":23},"end":{"line":69,"column":24}},"loc":{"start":{"line":69,"column":38},"end":{"line":71,"column":3}},"line":69},"8":{"name":"handleSubmit","decl":{"start":{"line":73,"column":17},"end":{"line":73,"column":29}},"loc":{"start":{"line":73,"column":32},"end":{"line":88,"column":3}},"line":73},"9":{"name":"(anonymous_9)","decl":{"start":{"line":80,"column":14},"end":{"line":80,"column":15}},"loc":{"start":{"line":80,"column":23},"end":{"line":83,"column":9}},"line":80},"10":{"name":"(anonymous_10)","decl":{"start":{"line":84,"column":15},"end":{"line":84,"column":16}},"loc":{"start":{"line":84,"column":22},"end":{"line":86,"column":9}},"line":84},"11":{"name":"(anonymous_11)","decl":{"start":{"line":131,"column":43},"end":{"line":131,"column":44}},"loc":{"start":{"line":131,"column":49},"end":{"line":131,"column":51}},"line":131}},"branchMap":{"0":{"loc":{"start":{"line":10,"column":4},"end":{"line":14,"column":5}},"type":"if","locations":[{"start":{"line":10,"column":4},"end":{"line":14,"column":5}},{"start":{"line":10,"column":4},"end":{"line":14,"column":5}}],"line":10},"1":{"loc":{"start":{"line":13,"column":13},"end":{"line":13,"column":58}},"type":"cond-expr","locations":[{"start":{"line":13,"column":33},"end":{"line":13,"column":45}},{"start":{"line":13,"column":48},"end":{"line":13,"column":58}}],"line":13},"2":{"loc":{"start":{"line":20,"column":4},"end":{"line":20,"column":45}},"type":"cond-expr","locations":[{"start":{"line":20,"column":18},"end":{"line":20,"column":31}},{"start":{"line":20,"column":34},"end":{"line":20,"column":45}}],"line":20},"3":{"loc":{"start":{"line":21,"column":33},"end":{"line":21,"column":63}},"type":"cond-expr","locations":[{"start":{"line":21,"column":47},"end":{"line":21,"column":54}},{"start":{"line":21,"column":57},"end":{"line":21,"column":63}}],"line":21},"4":{"loc":{"start":{"line":30,"column":36},"end":{"line":30,"column":71}},"type":"cond-expr","locations":[{"start":{"line":30,"column":50},"end":{"line":30,"column":59}},{"start":{"line":30,"column":62},"end":{"line":30,"column":71}}],"line":30},"5":{"loc":{"start":{"line":66,"column":11},"end":{"line":66,"column":64}},"type":"cond-expr","locations":[{"start":{"line":66,"column":23},"end":{"line":66,"column":41}},{"start":{"line":66,"column":44},"end":{"line":66,"column":64}}],"line":66},"6":{"loc":{"start":{"line":70,"column":11},"end":{"line":70,"column":77}},"type":"cond-expr","locations":[{"start":{"line":70,"column":23},"end":{"line":70,"column":47}},{"start":{"line":70,"column":50},"end":{"line":70,"column":77}}],"line":70},"7":{"loc":{"start":{"line":74,"column":4},"end":{"line":87,"column":5}},"type":"if","locations":[{"start":{"line":74,"column":4},"end":{"line":87,"column":5}},{"start":{"line":74,"column":4},"end":{"line":87,"column":5}}],"line":74},"8":{"loc":{"start":{"line":92,"column":9},"end":{"line":112,"column":9}},"type":"binary-expr","locations":[{"start":{"line":92,"column":9},"end":{"line":92,"column":16}},{"start":{"line":93,"column":10},"end":{"line":111,"column":16}}],"line":92},"9":{"loc":{"start":{"line":113,"column":9},"end":{"line":137,"column":9}},"type":"binary-expr","locations":[{"start":{"line":113,"column":9},"end":{"line":113,"column":15}},{"start":{"line":114,"column":10},"end":{"line":136,"column":16}}],"line":113},"10":{"loc":{"start":{"line":131,"column":23},"end":{"line":131,"column":62}},"type":"cond-expr","locations":[{"start":{"line":131,"column":43},"end":{"line":131,"column":51}},{"start":{"line":131,"column":54},"end":{"line":131,"column":62}}],"line":131},"11":{"loc":{"start":{"line":134,"column":15},"end":{"line":134,"column":56}},"type":"cond-expr","locations":[{"start":{"line":134,"column":35},"end":{"line":134,"column":44}},{"start":{"line":134,"column":47},"end":{"line":134,"column":56}}],"line":134}},"s":{"0":3,"1":2,"2":2,"3":0,"4":3,"5":2,"6":2,"7":2,"8":3,"9":3,"10":3,"11":3,"12":3,"13":2,"14":2,"15":0,"16":0,"17":2,"18":0,"19":2,"20":0,"21":0,"22":0,"23":0,"24":0,"25":0,"26":2},"f":{"0":2,"1":2,"2":2,"3":2,"4":2,"5":0,"6":0,"7":0,"8":0,"9":0,"10":0,"11":0},"b":{"0":[2,0],"1":[0,0],"2":[0,2],"3":[0,2],"4":[0,2],"5":[0,0],"6":[0,0],"7":[0,0],"8":[2,2],"9":[2,0],"10":[0,0],"11":[0,0]},"_coverageSchema":"1a1c01bbd47fc00a2c39e90264f33305004495a9","hash":"01ff21ea2d245210e12cf88e2a6f9fcc2769a241"}
,"/home/grossi/Área de Trabalho/react-completo/meuapp/src/components/Question.js": {"path":"/home/grossi/Área de Trabalho/react-completo/meuapp/src/components/Question.js","statementMap":{"0":{"start":{"line":9,"column":21},"end":{"line":17,"column":51}},"1":{"start":{"line":17,"column":14},"end":{"line":17,"column":50}},"2":{"start":{"line":19,"column":19},"end":{"line":27,"column":51}},"3":{"start":{"line":27,"column":14},"end":{"line":27,"column":50}},"4":{"start":{"line":29,"column":18},"end":{"line":32,"column":1}},"5":{"start":{"line":33,"column":14},"end":{"line":35,"column":1}},"6":{"start":{"line":37,"column":21},"end":{"line":39,"column":1}},"7":{"start":{"line":40,"column":24},"end":{"line":43,"column":1}},"8":{"start":{"line":45,"column":19},"end":{"line":48,"column":1}},"9":{"start":{"line":49,"column":20},"end":{"line":51,"column":1}},"10":{"start":{"line":53,"column":17},"end":{"line":133,"column":1}},"11":{"start":{"line":54,"column":40},"end":{"line":54,"column":58}},"12":{"start":{"line":55,"column":32},"end":{"line":55,"column":50}},"13":{"start":{"line":56,"column":36},"end":{"line":56,"column":56}},"14":{"start":{"line":58,"column":25},"end":{"line":67,"column":3}},"15":{"start":{"line":59,"column":4},"end":{"line":66,"column":5}},"16":{"start":{"line":60,"column":6},"end":{"line":60,"column":30}},"17":{"start":{"line":61,"column":6},"end":{"line":61,"column":25}},"18":{"start":{"line":63,"column":6},"end":{"line":63,"column":25}},"19":{"start":{"line":64,"column":6},"end":{"line":64,"column":21}},"20":{"start":{"line":65,"column":6},"end":{"line":65,"column":27}},"21":{"start":{"line":69,"column":23},"end":{"line":77,"column":3}},"22":{"start":{"line":70,"column":4},"end":{"line":76,"column":5}},"23":{"start":{"line":71,"column":6},"end":{"line":71,"column":21}},"24":{"start":{"line":72,"column":11},"end":{"line":76,"column":5}},"25":{"start":{"line":73,"column":6},"end":{"line":73,"column":26}},"26":{"start":{"line":75,"column":6},"end":{"line":75,"column":24}},"27":{"start":{"line":79,"column":2},"end":{"line":132,"column":4}},"28":{"start":{"line":85,"column":10},"end":{"line":123,"column":12}},"29":{"start":{"line":94,"column":46},"end":{"line":94,"column":74}},"30":{"start":{"line":104,"column":46},"end":{"line":104,"column":74}},"31":{"start":{"line":113,"column":46},"end":{"line":113,"column":74}}},"fnMap":{"0":{"name":"(anonymous_0)","decl":{"start":{"line":17,"column":3},"end":{"line":17,"column":4}},"loc":{"start":{"line":17,"column":14},"end":{"line":17,"column":50}},"line":17},"1":{"name":"(anonymous_1)","decl":{"start":{"line":27,"column":3},"end":{"line":27,"column":4}},"loc":{"start":{"line":27,"column":14},"end":{"line":27,"column":50}},"line":27},"2":{"name":"(anonymous_2)","decl":{"start":{"line":53,"column":17},"end":{"line":53,"column":18}},"loc":{"start":{"line":53,"column":32},"end":{"line":133,"column":1}},"line":53},"3":{"name":"(anonymous_3)","decl":{"start":{"line":58,"column":25},"end":{"line":58,"column":26}},"loc":{"start":{"line":58,"column":48},"end":{"line":67,"column":3}},"line":58},"4":{"name":"(anonymous_4)","decl":{"start":{"line":69,"column":23},"end":{"line":69,"column":24}},"loc":{"start":{"line":69,"column":35},"end":{"line":77,"column":3}},"line":69},"5":{"name":"(anonymous_5)","decl":{"start":{"line":84,"column":41},"end":{"line":84,"column":42}},"loc":{"start":{"line":84,"column":51},"end":{"line":124,"column":9}},"line":84},"6":{"name":"(anonymous_6)","decl":{"start":{"line":94,"column":30},"end":{"line":94,"column":31}},"loc":{"start":{"line":94,"column":46},"end":{"line":94,"column":74}},"line":94},"7":{"name":"(anonymous_7)","decl":{"start":{"line":104,"column":30},"end":{"line":104,"column":31}},"loc":{"start":{"line":104,"column":46},"end":{"line":104,"column":74}},"line":104},"8":{"name":"(anonymous_8)","decl":{"start":{"line":113,"column":30},"end":{"line":113,"column":31}},"loc":{"start":{"line":113,"column":46},"end":{"line":113,"column":74}},"line":113}},"branchMap":{"0":{"loc":{"start":{"line":59,"column":4},"end":{"line":66,"column":5}},"type":"if","locations":[{"start":{"line":59,"column":4},"end":{"line":66,"column":5}},{"start":{"line":59,"column":4},"end":{"line":66,"column":5}}],"line":59},"1":{"loc":{"start":{"line":70,"column":4},"end":{"line":76,"column":5}},"type":"if","locations":[{"start":{"line":70,"column":4},"end":{"line":76,"column":5}},{"start":{"line":70,"column":4},"end":{"line":76,"column":5}}],"line":70},"2":{"loc":{"start":{"line":72,"column":11},"end":{"line":76,"column":5}},"type":"if","locations":[{"start":{"line":72,"column":11},"end":{"line":76,"column":5}},{"start":{"line":72,"column":11},"end":{"line":76,"column":5}}],"line":72},"3":{"loc":{"start":{"line":91,"column":17},"end":{"line":100,"column":17}},"type":"binary-expr","locations":[{"start":{"line":91,"column":17},"end":{"line":91,"column":40}},{"start":{"line":92,"column":18},"end":{"line":99,"column":20}}],"line":91},"4":{"loc":{"start":{"line":101,"column":17},"end":{"line":109,"column":17}},"type":"binary-expr","locations":[{"start":{"line":101,"column":17},"end":{"line":101,"column":40}},{"start":{"line":101,"column":44},"end":{"line":101,"column":53}},{"start":{"line":102,"column":18},"end":{"line":108,"column":20}}],"line":101},"5":{"loc":{"start":{"line":110,"column":17},"end":{"line":118,"column":17}},"type":"binary-expr","locations":[{"start":{"line":110,"column":17},"end":{"line":110,"column":40}},{"start":{"line":110,"column":44},"end":{"line":110,"column":54}},{"start":{"line":111,"column":18},"end":{"line":117,"column":20}}],"line":110}},"s":{"0":2,"1":0,"2":2,"3":0,"4":2,"5":2,"6":2,"7":2,"8":2,"9":2,"10":2,"11":1,"12":1,"13":1,"14":1,"15":0,"16":0,"17":0,"18":0,"19":0,"20":0,"21":1,"22":4,"23":4,"24":0,"25":0,"26":0,"27":1,"28":4,"29":0,"30":0,"31":0},"f":{"0":0,"1":0,"2":1,"3":0,"4":4,"5":4,"6":0,"7":0,"8":0},"b":{"0":[0,0],"1":[4,0],"2":[0,0],"3":[4,4],"4":[4,0,0],"5":[4,0,0]},"_coverageSchema":"1a1c01bbd47fc00a2c39e90264f33305004495a9","hash":"2bd22d203365c37497d108f7f0fe253a95448164"}
}
