TN:
SF:src/App.js
FN:6,(anonymous_0)
FN:10,(anonymous_1)
FN:14,loadData
FN:18,(anonymous_3)
FN:21,(anonymous_4)
FNF:5
FNH:3
FNDA:2,(anonymous_0)
FNDA:1,(anonymous_1)
FNDA:1,loadData
FNDA:0,(anonymous_3)
FNDA:0,(anonymous_4)
DA:6,1
DA:7,2
DA:8,2
DA:10,2
DA:11,1
DA:15,1
DA:16,1
DA:19,0
DA:22,0
DA:24,0
DA:27,2
LF:11
LH:8
BRDA:30,0,0,2
BRDA:30,0,1,1
BRDA:32,1,0,2
BRDA:32,1,1,0
BRDA:32,1,2,0
BRF:5
BRH:3
end_of_record
TN:
SF:src/index.js
FNF:0
FNH:0
DA:5,0
LF:1
LH:0
BRF:0
BRH:0
end_of_record
TN:
SF:src/components/AnswerBox.js
FN:9,(anonymous_0)
FN:19,(anonymous_1)
FN:21,(anonymous_2)
FN:30,(anonymous_3)
FN:55,(anonymous_4)
FN:60,tryAgain
FN:65,(anonymous_6)
FN:69,(anonymous_7)
FN:73,handleSubmit
FN:80,(anonymous_9)
FN:84,(anonymous_10)
FN:131,(anonymous_11)
FNF:12
FNH:5
FNDA:2,(anonymous_0)
FNDA:2,(anonymous_1)
FNDA:2,(anonymous_2)
FNDA:2,(anonymous_3)
FNDA:2,(anonymous_4)
FNDA:0,tryAgain
FNDA:0,(anonymous_6)
FNDA:0,(anonymous_7)
FNDA:0,handleSubmit
FNDA:0,(anonymous_9)
FNDA:0,(anonymous_10)
FNDA:0,(anonymous_11)
DA:6,3
DA:10,2
DA:11,2
DA:13,0
DA:18,3
DA:20,2
DA:21,2
DA:30,2
DA:34,3
DA:39,3
DA:47,3
DA:51,3
DA:55,3
DA:56,2
DA:58,2
DA:61,0
DA:62,0
DA:65,2
DA:66,0
DA:69,2
DA:70,0
DA:74,0
DA:75,0
DA:81,0
DA:82,0
DA:85,0
DA:89,2
LF:27
LH:17
BRDA:10,0,0,2
BRDA:10,0,1,0
BRDA:13,1,0,0
BRDA:13,1,1,0
BRDA:20,2,0,0
BRDA:20,2,1,2
BRDA:21,3,0,0
BRDA:21,3,1,2
BRDA:30,4,0,0
BRDA:30,4,1,2
BRDA:66,5,0,0
BRDA:66,5,1,0
BRDA:70,6,0,0
BRDA:70,6,1,0
BRDA:74,7,0,0
BRDA:74,7,1,0
BRDA:92,8,0,2
BRDA:92,8,1,2
BRDA:113,9,0,2
BRDA:113,9,1,0
BRDA:131,10,0,0
BRDA:131,10,1,0
BRDA:134,11,0,0
BRDA:134,11,1,0
BRF:24
BRH:7
end_of_record
TN:
SF:src/components/Question.js
FN:17,(anonymous_0)
FN:27,(anonymous_1)
FN:53,(anonymous_2)
FN:58,(anonymous_3)
FN:69,(anonymous_4)
FN:84,(anonymous_5)
FN:94,(anonymous_6)
FN:104,(anonymous_7)
FN:113,(anonymous_8)
FNF:9
FNH:3
FNDA:0,(anonymous_0)
FNDA:0,(anonymous_1)
FNDA:1,(anonymous_2)
FNDA:0,(anonymous_3)
FNDA:4,(anonymous_4)
FNDA:4,(anonymous_5)
FNDA:0,(anonymous_6)
FNDA:0,(anonymous_7)
FNDA:0,(anonymous_8)
DA:9,2
DA:17,0
DA:19,2
DA:27,0
DA:29,2
DA:33,2
DA:37,2
DA:40,2
DA:45,2
DA:49,2
DA:53,2
DA:54,1
DA:55,1
DA:56,1
DA:58,1
DA:59,0
DA:60,0
DA:61,0
DA:63,0
DA:64,0
DA:65,0
DA:69,1
DA:70,4
DA:71,4
DA:72,0
DA:73,0
DA:75,0
DA:79,1
DA:85,4
DA:94,0
DA:104,0
DA:113,0
LF:32
LH:18
BRDA:59,0,0,0
BRDA:59,0,1,0
BRDA:70,1,0,4
BRDA:70,1,1,0
BRDA:72,2,0,0
BRDA:72,2,1,0
BRDA:91,3,0,4
BRDA:91,3,1,4
BRDA:101,4,0,4
BRDA:101,4,1,0
BRDA:101,4,2,0
BRDA:110,5,0,4
BRDA:110,5,1,0
BRDA:110,5,2,0
BRF:14
BRH:5
end_of_record
